<?xml version="1.0" encoding="UTF-8"?>
<!-- Generated by org.testng.reporters.JUnitReportReporter -->
<testsuite hostname="LAPTOP-OADBGRUF" failures="0" tests="1" name="com.Coursera.testcases.TC_LoginTest_001" time="3.735" errors="0" timestamp="2023-12-02T17:24:15 IST" skipped="0">
  <testcase classname="com.Coursera.testcases.TC_LoginTest_001" name="loginTest" time="3.735"/>
  <system-out/>
</testsuite> <!-- com.Coursera.testcases.TC_LoginTest_001 -->
