<?xml version="1.0" encoding="UTF-8"?>
<!-- Generated by org.testng.reporters.JUnitReportReporter -->
<testsuite hostname="Rental-0001" failures="0" tests="1" name="com.STM.TestCases.TC_AdminPanel" time="3.439" errors="0" timestamp="2023-10-05T15:47:51 IST" skipped="0">
  <testcase classname="com.STM.TestCases.TC_AdminPanel" name="Login" time="3.439"/>
</testsuite> <!-- com.STM.TestCases.TC_AdminPanel -->
